Fri Mar 11 16:32:02 2022  
Fri Mar 11 16:32:02 2022  
Fri Mar 11 16:32:02 2022  Msieve v. 1.53 (SVN Unversioned directory)
Fri Mar 11 16:32:02 2022  random seeds: 23f51d42 2b09e48f
Fri Mar 11 16:32:02 2022  factoring 77462583007387495474197055746622496232 (38 digits)
Fri Mar 11 16:32:02 2022  searching for 15-digit factors
Fri Mar 11 16:32:02 2022  ECM stage 1 factor found
Fri Mar 11 16:32:02 2022  p1 factor: 2
Fri Mar 11 16:32:02 2022  p1 factor: 2
Fri Mar 11 16:32:02 2022  p1 factor: 2
Fri Mar 11 16:32:02 2022  p1 factor: 3
Fri Mar 11 16:32:02 2022  p1 factor: 3
Fri Mar 11 16:32:02 2022  p1 factor: 3
Fri Mar 11 16:32:02 2022  p2 factor: 31
Fri Mar 11 16:32:02 2022  p11 factor: 16168810453
Fri Mar 11 16:32:02 2022  p24 factor: 715481583870502748884789
Fri Mar 11 16:32:02 2022  elapsed time 00:00:00
Fri Mar 11 16:32:06 2022  
Fri Mar 11 16:32:06 2022  
Fri Mar 11 16:32:06 2022  Msieve v. 1.53 (SVN Unversioned directory)
Fri Mar 11 16:32:06 2022  random seeds: 7f52320d 6d318f2a
Fri Mar 11 16:32:06 2022  factoring 77462583007387495474197055746622496232 (38 digits)
Fri Mar 11 16:32:06 2022  searching for 15-digit factors
Fri Mar 11 16:32:06 2022  ECM stage 1 factor found
Fri Mar 11 16:32:06 2022  p1 factor: 2
Fri Mar 11 16:32:06 2022  p1 factor: 2
Fri Mar 11 16:32:06 2022  p1 factor: 2
Fri Mar 11 16:32:06 2022  p1 factor: 3
Fri Mar 11 16:32:06 2022  p1 factor: 3
Fri Mar 11 16:32:06 2022  p1 factor: 3
Fri Mar 11 16:32:06 2022  p2 factor: 31
Fri Mar 11 16:32:06 2022  p11 factor: 16168810453
Fri Mar 11 16:32:06 2022  p24 factor: 715481583870502748884789
Fri Mar 11 16:32:06 2022  elapsed time 00:00:00
